<!DOCTYPE html PUBLIC "-//W3C//DTD XHTML 1.1//EN" "http://www.w3.org/TR/xhtml11/DTD/xhtml11.dtd">
<html xmlns="http://www.w3.org/1999/xhtml"><head><title>TestNG Report</title><style type="text/css">table {margin-bottom:10px;border-collapse:collapse;empty-cells:show}th,td {border:1px solid #009;padding:.25em .5em}th {vertical-align:bottom}td {vertical-align:top}table a {font-weight:bold}.stripe td {background-color: #E6EBF9}.num {text-align:right}.passedodd td {background-color: #3F3}.passedeven td {background-color: #0A0}.skippedodd td {background-color: #DDD}.skippedeven td {background-color: #CCC}.failedodd td,.attn {background-color: #F33}.failedeven td,.stripe .attn {background-color: #D00}.stacktrace {white-space:pre;font-family:monospace}.totop {font-size:85%;text-align:center;border-bottom:2px solid #000}</style></head><body><table><tr><th>Test</th><th># Passed</th><th># Skipped</th><th># Failed</th><th>Time (ms)</th><th>Included Groups</th><th>Excluded Groups</th></tr><tr><th colspan="7">Suite C</th></tr><tr><th colspan="7">Product Suite</th></tr><tr><td><a href="#t0">Filter Mobile Test</a></td><td class="num">0</td><td class="num attn">2</td><td class="num">0</td><td class="num">115</td><td></td><td></td></tr><tr><th colspan="7">Session Suite</th></tr><tr class="stripe"><td><a href="#t1">Login Test</a></td><td class="num">1</td><td class="num attn">2</td><td class="num">0</td><td class="num">22,743</td><td></td><td></td></tr><tr><td><a href="#t2">Change Password Test</a></td><td class="num">0</td><td class="num attn">1</td><td class="num">0</td><td class="num">170</td><td></td><td></td></tr><tr><th colspan="7">My Suite</th></tr><tr><th>Total</th><th class="num">1</th><th class="num attn">5</th><th class="num">0</th><th class="num">23,028</th><th colspan="2"></th></tr></table><table><thead><tr><th>Class</th><th>Method</th><th>Start</th><th>Time (ms)</th></tr></thead><tbody><tr><th colspan="4">Suite C</th></tr></tbody><tbody><tr><th colspan="4">Product Suite</th></tr></tbody><tbody id="t0"><tr><th colspan="4">Filter Mobile Test &#8212; skipped</th></tr><tr class="skippedeven"><td rowspan="2">com.qtpselenium.hybrid.product.FilterMobileTest</td><td><a href="#m0">filterMobileTest</a></td><td rowspan="2">1471046227835</td><td rowspan="2">1</td></tr><tr class="skippedeven"><td><a href="#m1">filterMobileTest</a></td></tr></tbody><tbody><tr><th colspan="4">Session Suite</th></tr></tbody><tbody id="t1"><tr><th colspan="4">Login Test &#8212; skipped</th></tr><tr class="skippedeven"><td rowspan="2">com.qtpselenium.hybrid.sessionsuite.LoginTest</td><td><a href="#m2">doLoginTest</a></td><td rowspan="2">1471046227314</td><td rowspan="2">0</td></tr><tr class="skippedeven"><td><a href="#m3">doLoginTest</a></td></tr><tr><th colspan="4">Login Test &#8212; passed</th></tr><tr class="passedeven"><td rowspan="1">com.qtpselenium.hybrid.sessionsuite.LoginTest</td><td><a href="#m4">doLoginTest</a></td><td rowspan="1">1471046205432</td><td rowspan="1">21881</td></tr></tbody><tbody id="t2"><tr><th colspan="4">Change Password Test &#8212; skipped</th></tr><tr class="skippedeven"><td rowspan="1">com.qtpselenium.hybrid.sessionsuite.ChangePasswordTest</td><td><a href="#m5">changePasswordTest</a></td><td rowspan="1">1471046227695</td><td rowspan="1">1</td></tr></tbody><tbody><tr><th colspan="4">My Suite</th></tr></tbody></table><h2>Filter Mobile Test</h2><h3 id="m0">com.qtpselenium.hybrid.product.FilterMobileTest#filterMobileTest</h3><table class="result"><tr class="param"><th>Parameter #1</th></tr><tr class="param stripe"><td>{Runmode=N, ExpetcedResult=Success, MinPrice=500, MaxPrice=1000, MobileCompany=LG, Browser=Chrome}</td></tr><tr><th>Exception</th></tr><tr><td><div class="stacktrace">org.testng.SkipException: Skipping the test beacuse Runmode is N
	at com.qtpselenium.hybrid.product.FilterMobileTest.filterMobileTest(FilterMobileTest.java:42)
... Removed 24 stack frames</div></td></tr></table><p class="totop"><a href="#summary">back to summary</a></p><h3 id="m1">com.qtpselenium.hybrid.product.FilterMobileTest#filterMobileTest</h3><table class="result"><tr class="param"><th>Parameter #1</th></tr><tr class="param stripe"><td>{Runmode=Y, ExpetcedResult=Success, MinPrice=500, MaxPrice=1000, MobileCompany=LG, Browser=Mozilla}</td></tr><tr><th>Exception</th></tr><tr><td><div class="stacktrace">org.testng.SkipException: Skipping the test beacuse Runmode is N
	at com.qtpselenium.hybrid.product.FilterMobileTest.filterMobileTest(FilterMobileTest.java:42)
... Removed 24 stack frames</div></td></tr></table><p class="totop"><a href="#summary">back to summary</a></p><h2>Login Test</h2><h3 id="m2">com.qtpselenium.hybrid.sessionsuite.LoginTest#doLoginTest</h3><table class="result"><tr class="param"><th>Parameter #1</th></tr><tr class="param stripe"><td>{Username=U2, Password=P2, Runmode=N, ExpetcedResult=Success, Browser=Chrome}</td></tr><tr><th>Exception</th></tr><tr><td><div class="stacktrace">org.testng.SkipException: Skipping the test beacuse Runmode is N
	at com.qtpselenium.hybrid.sessionsuite.LoginTest.doLoginTest(LoginTest.java:42)
... Removed 24 stack frames</div></td></tr></table><p class="totop"><a href="#summary">back to summary</a></p><h3 id="m3">com.qtpselenium.hybrid.sessionsuite.LoginTest#doLoginTest</h3><table class="result"><tr class="param"><th>Parameter #1</th></tr><tr class="param stripe"><td>{Username=U3, Password=P3, Runmode=N, ExpetcedResult=x, Browser=Chrome}</td></tr><tr><th>Exception</th></tr><tr><td><div class="stacktrace">org.testng.SkipException: Skipping the test beacuse Runmode is N
	at com.qtpselenium.hybrid.sessionsuite.LoginTest.doLoginTest(LoginTest.java:42)
... Removed 24 stack frames</div></td></tr></table><p class="totop"><a href="#summary">back to summary</a></p><h3 id="m4">com.qtpselenium.hybrid.sessionsuite.LoginTest#doLoginTest</h3><table class="result"><tr class="param"><th>Parameter #1</th></tr><tr class="param stripe"><td>{Username=bhavesh_bhadeliya@yahoo.com, Password=Nikita@05, Runmode=Y, ExpetcedResult=Success, Browser=Mozilla}</td></tr></table><p class="totop"><a href="#summary">back to summary</a></p><h2>Change Password Test</h2><h3 id="m5">com.qtpselenium.hybrid.sessionsuite.ChangePasswordTest#changePasswordTest</h3><table class="result"><tr class="param"><th>Parameter #1</th></tr><tr class="param stripe"><td>{NewPassword=Nikita@03, Username=bhavesh_bhadeliya@yahoo.com, Password=Nikita@04, Runmode=Y, ExpetcedResult=Success, Browser=Mozilla}</td></tr><tr><th>Exception</th></tr><tr><td><div class="stacktrace">org.testng.SkipException: Skipping the test beacuse Runmode is N
	at com.qtpselenium.hybrid.sessionsuite.ChangePasswordTest.changePasswordTest(ChangePasswordTest.java:42)
... Removed 24 stack frames</div></td></tr></table><p class="totop"><a href="#summary">back to summary</a></p></body></html>