<?xml version="1.0" encoding="UTF-8"?>
<testng-results skipped="5" failed="0" total="6" passed="1">
  <reporter-output>
  </reporter-output>
  <suite name="Suite C" duration-ms="0" started-at="2016-08-12T23:57:07Z" finished-at="2016-08-12T23:57:07Z">
    <groups>
    </groups>
  </suite> <!-- Suite C -->
  <suite name="Product Suite" duration-ms="115" started-at="2016-08-12T23:57:07Z" finished-at="2016-08-12T23:57:07Z">
    <groups>
    </groups>
    <test name="Filter Mobile Test" duration-ms="115" started-at="2016-08-12T23:57:07Z" finished-at="2016-08-12T23:57:07Z">
      <class name="com.qtpselenium.hybrid.product.FilterMobileTest">
        <test-method status="PASS" signature="init()[pri:0, instance:com.qtpselenium.hybrid.product.FilterMobileTest@6af86f0e]" name="init" is-config="true" duration-ms="61" started-at="2016-08-13T09:57:07Z" finished-at="2016-08-13T09:57:07Z">
          <reporter-output>
          </reporter-output>
        </test-method> <!-- init -->
        <test-method status="SKIP" signature="filterMobileTest(java.util.Hashtable)[pri:0, instance:com.qtpselenium.hybrid.product.FilterMobileTest@6af86f0e]" name="filterMobileTest" duration-ms="0" started-at="2016-08-13T09:57:07Z" data-provider="getData" finished-at="2016-08-13T09:57:07Z">
          <params>
            <param index="0">
              <value>
                <![CDATA[{Runmode=Y, ExpetcedResult=Success, MinPrice=500, MaxPrice=1000, MobileCompany=LG, Browser=Mozilla}]]>
              </value>
            </param>
          </params>
          <exception class="org.testng.SkipException">
            <message>
              <![CDATA[Skipping the test beacuse Runmode is N]]>
            </message>
            <full-stacktrace>
              <![CDATA[org.testng.SkipException: Skipping the test beacuse Runmode is N
	at com.qtpselenium.hybrid.product.FilterMobileTest.filterMobileTest(FilterMobileTest.java:42)
	at sun.reflect.NativeMethodAccessorImpl.invoke0(Native Method)
	at sun.reflect.NativeMethodAccessorImpl.invoke(NativeMethodAccessorImpl.java:57)
	at sun.reflect.DelegatingMethodAccessorImpl.invoke(DelegatingMethodAccessorImpl.java:43)
	at java.lang.reflect.Method.invoke(Method.java:606)
	at org.testng.internal.MethodInvocationHelper.invokeMethod(MethodInvocationHelper.java:85)
	at org.testng.internal.Invoker.invokeMethod(Invoker.java:639)
	at org.testng.internal.Invoker.invokeTestMethod(Invoker.java:816)
	at org.testng.internal.Invoker.invokeTestMethods(Invoker.java:1124)
	at org.testng.internal.TestMethodWorker.invokeTestMethods(TestMethodWorker.java:125)
	at org.testng.internal.TestMethodWorker.run(TestMethodWorker.java:108)
	at org.testng.TestRunner.privateRun(TestRunner.java:774)
	at org.testng.TestRunner.run(TestRunner.java:624)
	at org.testng.SuiteRunner.runTest(SuiteRunner.java:359)
	at org.testng.SuiteRunner.runSequentially(SuiteRunner.java:354)
	at org.testng.SuiteRunner.privateRun(SuiteRunner.java:312)
	at org.testng.SuiteRunner.run(SuiteRunner.java:261)
	at org.testng.SuiteRunnerWorker.runSuite(SuiteRunnerWorker.java:52)
	at org.testng.SuiteRunnerWorker.run(SuiteRunnerWorker.java:86)
	at org.testng.TestNG.runSuitesSequentially(TestNG.java:1215)
	at org.testng.TestNG.runSuitesSequentially(TestNG.java:1211)
	at org.testng.TestNG.runSuitesLocally(TestNG.java:1140)
	at org.testng.TestNG.run(TestNG.java:1048)
	at org.testng.TestNG.privateMain(TestNG.java:1355)
	at org.testng.TestNG.main(TestNG.java:1324)
]]>
            </full-stacktrace>
          </exception> <!-- org.testng.SkipException -->
          <reporter-output>
          </reporter-output>
        </test-method> <!-- filterMobileTest -->
        <test-method status="SKIP" signature="filterMobileTest(java.util.Hashtable)[pri:0, instance:com.qtpselenium.hybrid.product.FilterMobileTest@6af86f0e]" name="filterMobileTest" duration-ms="1" started-at="2016-08-13T09:57:07Z" data-provider="getData" finished-at="2016-08-13T09:57:07Z">
          <params>
            <param index="0">
              <value>
                <![CDATA[{Runmode=N, ExpetcedResult=Success, MinPrice=500, MaxPrice=1000, MobileCompany=LG, Browser=Chrome}]]>
              </value>
            </param>
          </params>
          <exception class="org.testng.SkipException">
            <message>
              <![CDATA[Skipping the test beacuse Runmode is N]]>
            </message>
            <full-stacktrace>
              <![CDATA[org.testng.SkipException: Skipping the test beacuse Runmode is N
	at com.qtpselenium.hybrid.product.FilterMobileTest.filterMobileTest(FilterMobileTest.java:42)
	at sun.reflect.NativeMethodAccessorImpl.invoke0(Native Method)
	at sun.reflect.NativeMethodAccessorImpl.invoke(NativeMethodAccessorImpl.java:57)
	at sun.reflect.DelegatingMethodAccessorImpl.invoke(DelegatingMethodAccessorImpl.java:43)
	at java.lang.reflect.Method.invoke(Method.java:606)
	at org.testng.internal.MethodInvocationHelper.invokeMethod(MethodInvocationHelper.java:85)
	at org.testng.internal.Invoker.invokeMethod(Invoker.java:639)
	at org.testng.internal.Invoker.invokeTestMethod(Invoker.java:816)
	at org.testng.internal.Invoker.invokeTestMethods(Invoker.java:1124)
	at org.testng.internal.TestMethodWorker.invokeTestMethods(TestMethodWorker.java:125)
	at org.testng.internal.TestMethodWorker.run(TestMethodWorker.java:108)
	at org.testng.TestRunner.privateRun(TestRunner.java:774)
	at org.testng.TestRunner.run(TestRunner.java:624)
	at org.testng.SuiteRunner.runTest(SuiteRunner.java:359)
	at org.testng.SuiteRunner.runSequentially(SuiteRunner.java:354)
	at org.testng.SuiteRunner.privateRun(SuiteRunner.java:312)
	at org.testng.SuiteRunner.run(SuiteRunner.java:261)
	at org.testng.SuiteRunnerWorker.runSuite(SuiteRunnerWorker.java:52)
	at org.testng.SuiteRunnerWorker.run(SuiteRunnerWorker.java:86)
	at org.testng.TestNG.runSuitesSequentially(TestNG.java:1215)
	at org.testng.TestNG.runSuitesSequentially(TestNG.java:1211)
	at org.testng.TestNG.runSuitesLocally(TestNG.java:1140)
	at org.testng.TestNG.run(TestNG.java:1048)
	at org.testng.TestNG.privateMain(TestNG.java:1355)
	at org.testng.TestNG.main(TestNG.java:1324)
]]>
            </full-stacktrace>
          </exception> <!-- org.testng.SkipException -->
          <reporter-output>
          </reporter-output>
        </test-method> <!-- filterMobileTest -->
        <test-method status="PASS" signature="quit()[pri:0, instance:com.qtpselenium.hybrid.product.FilterMobileTest@6af86f0e]" name="quit" is-config="true" duration-ms="49" started-at="2016-08-13T09:57:07Z" finished-at="2016-08-13T09:57:07Z">
          <reporter-output>
          </reporter-output>
        </test-method> <!-- quit -->
      </class> <!-- com.qtpselenium.hybrid.product.FilterMobileTest -->
    </test> <!-- Filter Mobile Test -->
  </suite> <!-- Product Suite -->
  <suite name="Session Suite" duration-ms="22929" started-at="2016-08-12T23:56:44Z" finished-at="2016-08-12T23:57:07Z">
    <groups>
    </groups>
    <test name="Login Test" duration-ms="22743" started-at="2016-08-12T23:56:44Z" finished-at="2016-08-12T23:57:07Z">
      <class name="com.qtpselenium.hybrid.sessionsuite.LoginTest">
        <test-method status="PASS" signature="init()[pri:0, instance:com.qtpselenium.hybrid.sessionsuite.LoginTest@346d61cf]" name="init" is-config="true" duration-ms="582" started-at="2016-08-13T09:56:44Z" finished-at="2016-08-13T09:56:45Z">
          <reporter-output>
          </reporter-output>
        </test-method> <!-- init -->
        <test-method status="PASS" signature="doLoginTest(java.util.Hashtable)[pri:0, instance:com.qtpselenium.hybrid.sessionsuite.LoginTest@346d61cf]" name="doLoginTest" duration-ms="21881" started-at="2016-08-13T09:56:45Z" data-provider="getData" finished-at="2016-08-13T09:57:07Z">
          <params>
            <param index="0">
              <value>
                <![CDATA[{Username=bhavesh_bhadeliya@yahoo.com, Password=Nikita@05, Runmode=Y, ExpetcedResult=Success, Browser=Mozilla}]]>
              </value>
            </param>
          </params>
          <reporter-output>
          </reporter-output>
        </test-method> <!-- doLoginTest -->
        <test-method status="SKIP" signature="doLoginTest(java.util.Hashtable)[pri:0, instance:com.qtpselenium.hybrid.sessionsuite.LoginTest@346d61cf]" name="doLoginTest" duration-ms="1" started-at="2016-08-13T09:57:07Z" data-provider="getData" finished-at="2016-08-13T09:57:07Z">
          <params>
            <param index="0">
              <value>
                <![CDATA[{Username=U3, Password=P3, Runmode=N, ExpetcedResult=x, Browser=Chrome}]]>
              </value>
            </param>
          </params>
          <exception class="org.testng.SkipException">
            <message>
              <![CDATA[Skipping the test beacuse Runmode is N]]>
            </message>
            <full-stacktrace>
              <![CDATA[org.testng.SkipException: Skipping the test beacuse Runmode is N
	at com.qtpselenium.hybrid.sessionsuite.LoginTest.doLoginTest(LoginTest.java:42)
	at sun.reflect.NativeMethodAccessorImpl.invoke0(Native Method)
	at sun.reflect.NativeMethodAccessorImpl.invoke(NativeMethodAccessorImpl.java:57)
	at sun.reflect.DelegatingMethodAccessorImpl.invoke(DelegatingMethodAccessorImpl.java:43)
	at java.lang.reflect.Method.invoke(Method.java:606)
	at org.testng.internal.MethodInvocationHelper.invokeMethod(MethodInvocationHelper.java:85)
	at org.testng.internal.Invoker.invokeMethod(Invoker.java:639)
	at org.testng.internal.Invoker.invokeTestMethod(Invoker.java:816)
	at org.testng.internal.Invoker.invokeTestMethods(Invoker.java:1124)
	at org.testng.internal.TestMethodWorker.invokeTestMethods(TestMethodWorker.java:125)
	at org.testng.internal.TestMethodWorker.run(TestMethodWorker.java:108)
	at org.testng.TestRunner.privateRun(TestRunner.java:774)
	at org.testng.TestRunner.run(TestRunner.java:624)
	at org.testng.SuiteRunner.runTest(SuiteRunner.java:359)
	at org.testng.SuiteRunner.runSequentially(SuiteRunner.java:354)
	at org.testng.SuiteRunner.privateRun(SuiteRunner.java:312)
	at org.testng.SuiteRunner.run(SuiteRunner.java:261)
	at org.testng.SuiteRunnerWorker.runSuite(SuiteRunnerWorker.java:52)
	at org.testng.SuiteRunnerWorker.run(SuiteRunnerWorker.java:86)
	at org.testng.TestNG.runSuitesSequentially(TestNG.java:1215)
	at org.testng.TestNG.runSuitesSequentially(TestNG.java:1211)
	at org.testng.TestNG.runSuitesLocally(TestNG.java:1140)
	at org.testng.TestNG.run(TestNG.java:1048)
	at org.testng.TestNG.privateMain(TestNG.java:1355)
	at org.testng.TestNG.main(TestNG.java:1324)
]]>
            </full-stacktrace>
          </exception> <!-- org.testng.SkipException -->
          <reporter-output>
          </reporter-output>
        </test-method> <!-- doLoginTest -->
        <test-method status="SKIP" signature="doLoginTest(java.util.Hashtable)[pri:0, instance:com.qtpselenium.hybrid.sessionsuite.LoginTest@346d61cf]" name="doLoginTest" duration-ms="0" started-at="2016-08-13T09:57:07Z" data-provider="getData" finished-at="2016-08-13T09:57:07Z">
          <params>
            <param index="0">
              <value>
                <![CDATA[{Username=U2, Password=P2, Runmode=N, ExpetcedResult=Success, Browser=Chrome}]]>
              </value>
            </param>
          </params>
          <exception class="org.testng.SkipException">
            <message>
              <![CDATA[Skipping the test beacuse Runmode is N]]>
            </message>
            <full-stacktrace>
              <![CDATA[org.testng.SkipException: Skipping the test beacuse Runmode is N
	at com.qtpselenium.hybrid.sessionsuite.LoginTest.doLoginTest(LoginTest.java:42)
	at sun.reflect.NativeMethodAccessorImpl.invoke0(Native Method)
	at sun.reflect.NativeMethodAccessorImpl.invoke(NativeMethodAccessorImpl.java:57)
	at sun.reflect.DelegatingMethodAccessorImpl.invoke(DelegatingMethodAccessorImpl.java:43)
	at java.lang.reflect.Method.invoke(Method.java:606)
	at org.testng.internal.MethodInvocationHelper.invokeMethod(MethodInvocationHelper.java:85)
	at org.testng.internal.Invoker.invokeMethod(Invoker.java:639)
	at org.testng.internal.Invoker.invokeTestMethod(Invoker.java:816)
	at org.testng.internal.Invoker.invokeTestMethods(Invoker.java:1124)
	at org.testng.internal.TestMethodWorker.invokeTestMethods(TestMethodWorker.java:125)
	at org.testng.internal.TestMethodWorker.run(TestMethodWorker.java:108)
	at org.testng.TestRunner.privateRun(TestRunner.java:774)
	at org.testng.TestRunner.run(TestRunner.java:624)
	at org.testng.SuiteRunner.runTest(SuiteRunner.java:359)
	at org.testng.SuiteRunner.runSequentially(SuiteRunner.java:354)
	at org.testng.SuiteRunner.privateRun(SuiteRunner.java:312)
	at org.testng.SuiteRunner.run(SuiteRunner.java:261)
	at org.testng.SuiteRunnerWorker.runSuite(SuiteRunnerWorker.java:52)
	at org.testng.SuiteRunnerWorker.run(SuiteRunnerWorker.java:86)
	at org.testng.TestNG.runSuitesSequentially(TestNG.java:1215)
	at org.testng.TestNG.runSuitesSequentially(TestNG.java:1211)
	at org.testng.TestNG.runSuitesLocally(TestNG.java:1140)
	at org.testng.TestNG.run(TestNG.java:1048)
	at org.testng.TestNG.privateMain(TestNG.java:1355)
	at org.testng.TestNG.main(TestNG.java:1324)
]]>
            </full-stacktrace>
          </exception> <!-- org.testng.SkipException -->
          <reporter-output>
          </reporter-output>
        </test-method> <!-- doLoginTest -->
        <test-method status="PASS" signature="quit()[pri:0, instance:com.qtpselenium.hybrid.sessionsuite.LoginTest@346d61cf]" name="quit" is-config="true" duration-ms="258" started-at="2016-08-13T09:57:07Z" finished-at="2016-08-13T09:57:07Z">
          <reporter-output>
          </reporter-output>
        </test-method> <!-- quit -->
      </class> <!-- com.qtpselenium.hybrid.sessionsuite.LoginTest -->
    </test> <!-- Login Test -->
    <test name="Change Password Test" duration-ms="170" started-at="2016-08-12T23:57:07Z" finished-at="2016-08-12T23:57:07Z">
      <class name="com.qtpselenium.hybrid.sessionsuite.ChangePasswordTest">
        <test-method status="PASS" signature="init()[pri:0, instance:com.qtpselenium.hybrid.sessionsuite.ChangePasswordTest@723e6611]" name="init" is-config="true" duration-ms="102" started-at="2016-08-13T09:57:07Z" finished-at="2016-08-13T09:57:07Z">
          <reporter-output>
          </reporter-output>
        </test-method> <!-- init -->
        <test-method status="SKIP" signature="changePasswordTest(java.util.Hashtable)[pri:0, instance:com.qtpselenium.hybrid.sessionsuite.ChangePasswordTest@723e6611]" name="changePasswordTest" duration-ms="1" started-at="2016-08-13T09:57:07Z" data-provider="getData" finished-at="2016-08-13T09:57:07Z">
          <params>
            <param index="0">
              <value>
                <![CDATA[{NewPassword=Nikita@03, Username=bhavesh_bhadeliya@yahoo.com, Password=Nikita@04, Runmode=Y, ExpetcedResult=Success, Browser=Mozilla}]]>
              </value>
            </param>
          </params>
          <exception class="org.testng.SkipException">
            <message>
              <![CDATA[Skipping the test beacuse Runmode is N]]>
            </message>
            <full-stacktrace>
              <![CDATA[org.testng.SkipException: Skipping the test beacuse Runmode is N
	at com.qtpselenium.hybrid.sessionsuite.ChangePasswordTest.changePasswordTest(ChangePasswordTest.java:42)
	at sun.reflect.NativeMethodAccessorImpl.invoke0(Native Method)
	at sun.reflect.NativeMethodAccessorImpl.invoke(NativeMethodAccessorImpl.java:57)
	at sun.reflect.DelegatingMethodAccessorImpl.invoke(DelegatingMethodAccessorImpl.java:43)
	at java.lang.reflect.Method.invoke(Method.java:606)
	at org.testng.internal.MethodInvocationHelper.invokeMethod(MethodInvocationHelper.java:85)
	at org.testng.internal.Invoker.invokeMethod(Invoker.java:639)
	at org.testng.internal.Invoker.invokeTestMethod(Invoker.java:816)
	at org.testng.internal.Invoker.invokeTestMethods(Invoker.java:1124)
	at org.testng.internal.TestMethodWorker.invokeTestMethods(TestMethodWorker.java:125)
	at org.testng.internal.TestMethodWorker.run(TestMethodWorker.java:108)
	at org.testng.TestRunner.privateRun(TestRunner.java:774)
	at org.testng.TestRunner.run(TestRunner.java:624)
	at org.testng.SuiteRunner.runTest(SuiteRunner.java:359)
	at org.testng.SuiteRunner.runSequentially(SuiteRunner.java:354)
	at org.testng.SuiteRunner.privateRun(SuiteRunner.java:312)
	at org.testng.SuiteRunner.run(SuiteRunner.java:261)
	at org.testng.SuiteRunnerWorker.runSuite(SuiteRunnerWorker.java:52)
	at org.testng.SuiteRunnerWorker.run(SuiteRunnerWorker.java:86)
	at org.testng.TestNG.runSuitesSequentially(TestNG.java:1215)
	at org.testng.TestNG.runSuitesSequentially(TestNG.java:1211)
	at org.testng.TestNG.runSuitesLocally(TestNG.java:1140)
	at org.testng.TestNG.run(TestNG.java:1048)
	at org.testng.TestNG.privateMain(TestNG.java:1355)
	at org.testng.TestNG.main(TestNG.java:1324)
]]>
            </full-stacktrace>
          </exception> <!-- org.testng.SkipException -->
          <reporter-output>
          </reporter-output>
        </test-method> <!-- changePasswordTest -->
        <test-method status="PASS" signature="quit()[pri:0, instance:com.qtpselenium.hybrid.sessionsuite.ChangePasswordTest@723e6611]" name="quit" is-config="true" duration-ms="64" started-at="2016-08-13T09:57:07Z" finished-at="2016-08-13T09:57:07Z">
          <reporter-output>
          </reporter-output>
        </test-method> <!-- quit -->
      </class> <!-- com.qtpselenium.hybrid.sessionsuite.ChangePasswordTest -->
    </test> <!-- Change Password Test -->
  </suite> <!-- Session Suite -->
  <suite name="My Suite" duration-ms="0" started-at="2016-08-12T23:57:07Z" finished-at="2016-08-12T23:57:07Z">
    <groups>
    </groups>
  </suite> <!-- My Suite -->
</testng-results>
